<?xml version="1.0" encoding="UTF-8"?>
<testsuite xmlns:xsi="http://www.w3.org/2001/XMLSchema-instance" xsi:noNamespaceSchemaLocation="https://maven.apache.org/surefire/maven-surefire-plugin/xsd/surefire-test-report.xsd" name="com.nagp.security.AppSecurityApplicationTests" time="0.216" tests="1" errors="1" skipped="0" failures="0">
  <properties>
[...]
</properties>
  <testcase name="com.nagp.security.AppSecurityApplicationTests" classname="com.nagp.security.AppSecurityApplicationTests" time="0.214">
    <error message="Failed to read candidate component class: file [/Users/abhishekkashyap/Documents/workspace-spring-tool-suite-4-4.16.1.RELEASE/AppSecurity/target/test-classes/com/nagp/security/AppSecurityApplicationTests.class]; nested exception is org.springframework.core.NestedIOException: ASM ClassReader failed to parse class file - probably due to a new Java class file version that isn&apos;t supported yet: file [/Users/abhishekkashyap/Documents/workspace-spring-tool-suite-4-4.16.1.RELEASE/AppSecurity/target/test-classes/com/nagp/security/AppSecurityApplicationTests.class]; nested exception is java.lang.IllegalArgumentException: Unsupported class file major version 61" type="org.springframework.beans.factory.BeanDefinitionStoreException">org.springframework.beans.factory.BeanDefinitionStoreException: Failed to read candidate component class: file [/Users/abhishekkashyap/Documents/workspace-spring-tool-suite-4-4.16.1.RELEASE/AppSecurity/target/test-classes/com/nagp/security/AppSecurityApplicationTests.class]; nested exception is org.springframework.core.NestedIOException: ASM ClassReader failed to parse class file - probably due to a new Java class file version that isn't supported yet: file [/Users/abhishekkashyap/Documents/workspace-spring-tool-suite-4-4.16.1.RELEASE/AppSecurity/target/test-classes/com/nagp/security/AppSecurityApplicationTests.class]; nested exception is java.lang.IllegalArgumentException: Unsupported class file major version 61
Caused by: org.springframework.core.NestedIOException: ASM ClassReader failed to parse class file - probably due to a new Java class file version that isn't supported yet: file [/Users/abhishekkashyap/Documents/workspace-spring-tool-suite-4-4.16.1.RELEASE/AppSecurity/target/test-classes/com/nagp/security/AppSecurityApplicationTests.class]; nested exception is java.lang.IllegalArgumentException: Unsupported class file major version 61
Caused by: java.lang.IllegalArgumentException: Unsupported class file major version 61
</error>
    <system-out><![CDATA[13:54:24.162 [main] DEBUG org.springframework.test.context.BootstrapUtils - Instantiating CacheAwareContextLoaderDelegate from class [org.springframework.test.context.cache.DefaultCacheAwareContextLoaderDelegate]
13:54:24.174 [main] DEBUG org.springframework.test.context.BootstrapUtils - Instantiating BootstrapContext using constructor [public org.springframework.test.context.support.DefaultBootstrapContext(java.lang.Class,org.springframework.test.context.CacheAwareContextLoaderDelegate)]
13:54:24.197 [main] DEBUG org.springframework.test.context.BootstrapUtils - Instantiating TestContextBootstrapper for test class [com.nagp.security.AppSecurityApplicationTests] from class [org.springframework.boot.test.context.SpringBootTestContextBootstrapper]
13:54:24.213 [main] INFO org.springframework.boot.test.context.SpringBootTestContextBootstrapper - Neither @ContextConfiguration nor @ContextHierarchy found for test class [com.nagp.security.AppSecurityApplicationTests], using SpringBootContextLoader
13:54:24.217 [main] DEBUG org.springframework.test.context.support.AbstractContextLoader - Did not detect default resource location for test class [com.nagp.security.AppSecurityApplicationTests]: class path resource [com/nagp/security/AppSecurityApplicationTests-context.xml] does not exist
13:54:24.218 [main] DEBUG org.springframework.test.context.support.AbstractContextLoader - Did not detect default resource location for test class [com.nagp.security.AppSecurityApplicationTests]: class path resource [com/nagp/security/AppSecurityApplicationTestsContext.groovy] does not exist
13:54:24.218 [main] INFO org.springframework.test.context.support.AbstractContextLoader - Could not detect default resource locations for test class [com.nagp.security.AppSecurityApplicationTests]: no resource found for suffixes {-context.xml, Context.groovy}.
13:54:24.218 [main] INFO org.springframework.test.context.support.AnnotationConfigContextLoaderUtils - Could not detect default configuration classes for test class [com.nagp.security.AppSecurityApplicationTests]: AppSecurityApplicationTests does not declare any static, non-private, non-final, nested classes annotated with @Configuration.
13:54:24.255 [main] DEBUG org.springframework.test.context.support.ActiveProfilesUtils - Could not find an 'annotation declaring class' for annotation type [org.springframework.test.context.ActiveProfiles] and class [com.nagp.security.AppSecurityApplicationTests]
13:54:24.282 [main] DEBUG org.springframework.test.context.BootstrapUtils - Instantiating CacheAwareContextLoaderDelegate from class [org.springframework.test.context.cache.DefaultCacheAwareContextLoaderDelegate]
13:54:24.282 [main] DEBUG org.springframework.test.context.BootstrapUtils - Instantiating BootstrapContext using constructor [public org.springframework.test.context.support.DefaultBootstrapContext(java.lang.Class,org.springframework.test.context.CacheAwareContextLoaderDelegate)]
13:54:24.282 [main] DEBUG org.springframework.test.context.BootstrapUtils - Instantiating TestContextBootstrapper for test class [com.nagp.security.AppSecurityApplicationTests] from class [org.springframework.boot.test.context.SpringBootTestContextBootstrapper]
13:54:24.283 [main] INFO org.springframework.boot.test.context.SpringBootTestContextBootstrapper - Neither @ContextConfiguration nor @ContextHierarchy found for test class [com.nagp.security.AppSecurityApplicationTests], using SpringBootContextLoader
13:54:24.284 [main] DEBUG org.springframework.test.context.support.AbstractContextLoader - Did not detect default resource location for test class [com.nagp.security.AppSecurityApplicationTests]: class path resource [com/nagp/security/AppSecurityApplicationTests-context.xml] does not exist
13:54:24.284 [main] DEBUG org.springframework.test.context.support.AbstractContextLoader - Did not detect default resource location for test class [com.nagp.security.AppSecurityApplicationTests]: class path resource [com/nagp/security/AppSecurityApplicationTestsContext.groovy] does not exist
13:54:24.284 [main] INFO org.springframework.test.context.support.AbstractContextLoader - Could not detect default resource locations for test class [com.nagp.security.AppSecurityApplicationTests]: no resource found for suffixes {-context.xml, Context.groovy}.
13:54:24.284 [main] INFO org.springframework.test.context.support.AnnotationConfigContextLoaderUtils - Could not detect default configuration classes for test class [com.nagp.security.AppSecurityApplicationTests]: AppSecurityApplicationTests does not declare any static, non-private, non-final, nested classes annotated with @Configuration.
13:54:24.285 [main] DEBUG org.springframework.test.context.support.ActiveProfilesUtils - Could not find an 'annotation declaring class' for annotation type [org.springframework.test.context.ActiveProfiles] and class [com.nagp.security.AppSecurityApplicationTests]
13:54:24.289 [main] DEBUG org.springframework.test.context.BootstrapUtils - Instantiating CacheAwareContextLoaderDelegate from class [org.springframework.test.context.cache.DefaultCacheAwareContextLoaderDelegate]
13:54:24.289 [main] DEBUG org.springframework.test.context.BootstrapUtils - Instantiating BootstrapContext using constructor [public org.springframework.test.context.support.DefaultBootstrapContext(java.lang.Class,org.springframework.test.context.CacheAwareContextLoaderDelegate)]
13:54:24.289 [main] DEBUG org.springframework.test.context.BootstrapUtils - Instantiating TestContextBootstrapper for test class [com.nagp.security.AppSecurityApplicationTests] from class [org.springframework.boot.test.context.SpringBootTestContextBootstrapper]
13:54:24.290 [main] INFO org.springframework.boot.test.context.SpringBootTestContextBootstrapper - Neither @ContextConfiguration nor @ContextHierarchy found for test class [com.nagp.security.AppSecurityApplicationTests], using SpringBootContextLoader
13:54:24.291 [main] DEBUG org.springframework.test.context.support.AbstractContextLoader - Did not detect default resource location for test class [com.nagp.security.AppSecurityApplicationTests]: class path resource [com/nagp/security/AppSecurityApplicationTests-context.xml] does not exist
13:54:24.291 [main] DEBUG org.springframework.test.context.support.AbstractContextLoader - Did not detect default resource location for test class [com.nagp.security.AppSecurityApplicationTests]: class path resource [com/nagp/security/AppSecurityApplicationTestsContext.groovy] does not exist
13:54:24.291 [main] INFO org.springframework.test.context.support.AbstractContextLoader - Could not detect default resource locations for test class [com.nagp.security.AppSecurityApplicationTests]: no resource found for suffixes {-context.xml, Context.groovy}.
13:54:24.291 [main] INFO org.springframework.test.context.support.AnnotationConfigContextLoaderUtils - Could not detect default configuration classes for test class [com.nagp.security.AppSecurityApplicationTests]: AppSecurityApplicationTests does not declare any static, non-private, non-final, nested classes annotated with @Configuration.
13:54:24.292 [main] DEBUG org.springframework.test.context.support.ActiveProfilesUtils - Could not find an 'annotation declaring class' for annotation type [org.springframework.test.context.ActiveProfiles] and class [com.nagp.security.AppSecurityApplicationTests]
]]></system-out>
  </testcase>
</testsuite>